[19:27:32.894][INFO]: Receiving recipe: custommachinery:kjs_bxc9g7546ukya80n0jn2p5wmc from server.
[19:27:32.899][INFO]: Sucessfully received recipe: custommachinery:kjs_bxc9g7546ukya80n0jn2p5wmc from server.
[19:27:32.923][INFO]: Receiving recipe: custommachinery:kjs_7trp8vswgt10qb0nq52f7aejw from server.
[19:27:32.924][INFO]: Sucessfully received recipe: custommachinery:kjs_7trp8vswgt10qb0nq52f7aejw from server.
[19:27:32.933][INFO]: Receiving recipe: custommachinery:kjs_6g3fkd05m8n7ibwje16fh2dnt from server.
[19:27:32.933][INFO]: Sucessfully received recipe: custommachinery:kjs_6g3fkd05m8n7ibwje16fh2dnt from server.
[19:27:32.938][INFO]: Receiving recipe: custommachinery:kjs_adeht1turn3xb2951k9jnx85p from server.
[19:27:32.938][INFO]: Sucessfully received recipe: custommachinery:kjs_adeht1turn3xb2951k9jnx85p from server.
[19:27:32.989][INFO]: Receiving recipe: custommachinery:kjs_bhifnjeeazxsrc8e10fbv6nnx from server.
[19:27:32.991][INFO]: Sucessfully received recipe: custommachinery:kjs_bhifnjeeazxsrc8e10fbv6nnx from server.
[19:27:32.995][INFO]: Receiving recipe: custommachinery:kjs_81lkyw3nkxwiq1843x6tcn4df from server.
[19:27:32.996][INFO]: Sucessfully received recipe: custommachinery:kjs_81lkyw3nkxwiq1843x6tcn4df from server.
[19:27:33.005][INFO]: Receiving recipe: custommachinery:kjs_ehi8nfomgeism0wywyw18uasg from server.
[19:27:33.005][INFO]: Sucessfully received recipe: custommachinery:kjs_ehi8nfomgeism0wywyw18uasg from server.
[19:27:33.006][INFO]: Receiving recipe: custommachinery:kjs_7vb06sndw8kmk2x0h6cl3xfke from server.
[19:27:33.006][INFO]: Sucessfully received recipe: custommachinery:kjs_7vb06sndw8kmk2x0h6cl3xfke from server.
[19:27:33.014][INFO]: Receiving recipe: custommachinery:kjs_b35xs70y5b224yws2vqaofyfp from server.
[19:27:33.015][ERROR]: Error while deserializing Requirement: "custommachinery:redstone"
Range cannot have identical boundaries: [15,15]
[19:27:33.017][WARN]: Error while deserializing optional property "requirements" of type: List[Codec[KeyDispatchCodec[fr.frinn.custommachinery.impl.codec.RegistrarCodec@62f097f9 java.util.function.Function$$Lambda$1182/0x0000000800553378@1027307b java.util.function.Function$$Lambda$1182/0x0000000800553378@2cf463ef][mapResult fr.frinn.custommachinery.impl.codec.CodecLogger$1@46693fec] KeyDispatchCodec[fr.frinn.custommachinery.impl.codec.RegistrarCodec@62f097f9 java.util.function.Function$$Lambda$1182/0x0000000800553378@1027307b java.util.function.Function$$Lambda$1182/0x0000000800553378@2cf463ef][mapResult fr.frinn.custommachinery.impl.codec.CodecLogger$1@46693fec][promotePartial]]]
Error while deserializing Requirement: "custommachinery:redstone"
Range cannot have identical boundaries: [15,15]
Using default value: []
[19:27:33.017][INFO]: Sucessfully received recipe: custommachinery:kjs_b35xs70y5b224yws2vqaofyfp from server.
[19:27:33.026][INFO]: Receiving recipe: custommachinery:kjs_8wnh7wn6q1byr03zr6vbz2829 from server.
[19:27:33.026][INFO]: Sucessfully received recipe: custommachinery:kjs_8wnh7wn6q1byr03zr6vbz2829 from server.
[19:27:33.029][INFO]: Receiving recipe: custommachinery:kjs_2drw1c5izehl7qc30nfgt7cwb from server.
[19:27:33.030][INFO]: Sucessfully received recipe: custommachinery:kjs_2drw1c5izehl7qc30nfgt7cwb from server.
[19:27:33.030][INFO]: Receiving recipe: custommachinery:kjs_14zg32tqbnw59g9el2qp45402 from server.
[19:27:33.031][INFO]: Sucessfully received recipe: custommachinery:kjs_14zg32tqbnw59g9el2qp45402 from server.
[19:27:33.031][INFO]: Receiving recipe: custommachinery:kjs_4g00bz6klec5ix7cs1teuy4oc from server.
[19:27:33.031][INFO]: Sucessfully received recipe: custommachinery:kjs_4g00bz6klec5ix7cs1teuy4oc from server.
[19:27:33.033][INFO]: Receiving recipe: custommachinery:kjs_9g7yk2qacteit5i3rnklp1jvr from server.
[19:27:33.034][INFO]: Sucessfully received recipe: custommachinery:kjs_9g7yk2qacteit5i3rnklp1jvr from server.
[19:27:33.034][INFO]: Receiving recipe: custommachinery:kjs_9pv132m5yw2zqgnpwdzs69p3h from server.
[19:27:33.035][INFO]: Sucessfully received recipe: custommachinery:kjs_9pv132m5yw2zqgnpwdzs69p3h from server.
[19:27:33.040][INFO]: Receiving recipe: custommachinery:kjs_59kbh2c0zq0q3u92traxf3c10 from server.
[19:27:33.041][INFO]: Sucessfully received recipe: custommachinery:kjs_59kbh2c0zq0q3u92traxf3c10 from server.
[19:27:33.043][INFO]: Receiving recipe: custommachinery:kjs_9468hzr0hfv43ad7tu2ufumk0 from server.
[19:27:33.043][INFO]: Sucessfully received recipe: custommachinery:kjs_9468hzr0hfv43ad7tu2ufumk0 from server.
[19:27:33.046][INFO]: Receiving recipe: custommachinery:kjs_cgcdzakb04myzrgrx3yff7112 from server.
[19:27:33.047][INFO]: Sucessfully received recipe: custommachinery:kjs_cgcdzakb04myzrgrx3yff7112 from server.
[19:27:33.056][INFO]: Receiving recipe: custommachinery:kjs_dpykpehu5gb5ys2pyfjhzx7zb from server.
[19:27:33.057][INFO]: Sucessfully received recipe: custommachinery:kjs_dpykpehu5gb5ys2pyfjhzx7zb from server.
[19:27:33.060][INFO]: Receiving recipe: custommachinery:kjs_a07d4cq1rukoy90k41pr7quxl from server.
[19:27:33.060][INFO]: Sucessfully received recipe: custommachinery:kjs_a07d4cq1rukoy90k41pr7quxl from server.
[19:27:33.061][INFO]: Receiving recipe: custommachinery:kjs_2s8po1e4jimpevuch51g4uwli from server.
[19:27:33.061][INFO]: Sucessfully received recipe: custommachinery:kjs_2s8po1e4jimpevuch51g4uwli from server.
[19:27:33.065][INFO]: Receiving recipe: custommachinery:kjs_6qsxfvu1j7iofft7nr1mumeqq from server.
[19:27:33.065][INFO]: Sucessfully received recipe: custommachinery:kjs_6qsxfvu1j7iofft7nr1mumeqq from server.
[19:27:33.066][INFO]: Receiving recipe: custommachinery:kjs_9qey4mf58ulqqufhg10spjedm from server.
[19:27:33.066][INFO]: Sucessfully received recipe: custommachinery:kjs_9qey4mf58ulqqufhg10spjedm from server.
[19:27:33.072][INFO]: Receiving recipe: custommachinery:kjs_6rc9ci4ip3ku95j5wyfh9bff5 from server.
[19:27:33.073][INFO]: Sucessfully received recipe: custommachinery:kjs_6rc9ci4ip3ku95j5wyfh9bff5 from server.
[19:27:33.073][INFO]: Receiving recipe: custommachinery:kjs_cdp4csu6rln6cckt1jou8sp8b from server.
[19:27:33.074][INFO]: Sucessfully received recipe: custommachinery:kjs_cdp4csu6rln6cckt1jou8sp8b from server.
[19:27:33.077][INFO]: Receiving recipe: custommachinery:kjs_5v353ngdrsgiu43xloosw1edg from server.
[19:27:33.077][INFO]: Sucessfully received recipe: custommachinery:kjs_5v353ngdrsgiu43xloosw1edg from server.
[19:27:33.078][INFO]: Receiving recipe: custommachinery:kjs_7mrfzae8m4n32fa73igaokaut from server.
[19:27:33.079][INFO]: Sucessfully received recipe: custommachinery:kjs_7mrfzae8m4n32fa73igaokaut from server.
[19:27:33.079][INFO]: Receiving recipe: custommachinery:kjs_c1v77jim015do6cm325zy1wql from server.
[19:27:33.080][INFO]: Sucessfully received recipe: custommachinery:kjs_c1v77jim015do6cm325zy1wql from server.
[19:27:33.084][INFO]: Receiving recipe: custommachinery:kjs_39s4nj6pposxc4rgttq6iq9n8 from server.
[19:27:33.085][INFO]: Sucessfully received recipe: custommachinery:kjs_39s4nj6pposxc4rgttq6iq9n8 from server.
[19:27:33.087][INFO]: Receiving recipe: custommachinery:kjs_5hv7zu93r064gvi0iz0xq416w from server.
[19:27:33.087][INFO]: Sucessfully received recipe: custommachinery:kjs_5hv7zu93r064gvi0iz0xq416w from server.
[19:27:33.089][INFO]: Receiving recipe: custommachinery:kjs_4bul66qtu3qsd77ypuorjl6co from server.
[19:27:33.089][INFO]: Sucessfully received recipe: custommachinery:kjs_4bul66qtu3qsd77ypuorjl6co from server.
[19:27:33.091][INFO]: Receiving recipe: custommachinery:kjs_19n7nl3ij5x1es17xyn5gby26 from server.
[19:27:33.091][INFO]: Sucessfully received recipe: custommachinery:kjs_19n7nl3ij5x1es17xyn5gby26 from server.
[19:27:33.100][INFO]: Receiving recipe: custommachinery:kjs_4l8wfm9o8vbv48jkgfkn29yem from server.
[19:27:33.100][INFO]: Sucessfully received recipe: custommachinery:kjs_4l8wfm9o8vbv48jkgfkn29yem from server.
[19:27:33.102][INFO]: Receiving recipe: custommachinery:kjs_8xpg8q2gijj8gg8qi0zj5ajk1 from server.
[19:27:33.102][INFO]: Sucessfully received recipe: custommachinery:kjs_8xpg8q2gijj8gg8qi0zj5ajk1 from server.
[19:27:33.127][INFO]: Receiving recipe: custommachinery:kjs_6u7as6iqf1ovceqxxb9x5z6je from server.
[19:27:33.127][INFO]: Sucessfully received recipe: custommachinery:kjs_6u7as6iqf1ovceqxxb9x5z6je from server.
[19:27:33.131][INFO]: Receiving recipe: custommachinery:kjs_er3ns4b6io2fiyvdro572raep from server.
[19:27:33.131][INFO]: Sucessfully received recipe: custommachinery:kjs_er3ns4b6io2fiyvdro572raep from server.
[19:27:33.131][INFO]: Receiving recipe: custommachinery:kjs_cdlxsfskldfhbulzilbzk39y3 from server.
[19:27:33.131][INFO]: Sucessfully received recipe: custommachinery:kjs_cdlxsfskldfhbulzilbzk39y3 from server.
[19:27:33.132][INFO]: Receiving recipe: custommachinery:kjs_5afguj1zi0otqai2a7o4gnfw3 from server.
[19:27:33.133][INFO]: Sucessfully received recipe: custommachinery:kjs_5afguj1zi0otqai2a7o4gnfw3 from server.
[19:27:33.136][INFO]: Receiving recipe: custommachinery:kjs_8tc3p472h61oci1ynr4g5q1nz from server.
[19:27:33.136][INFO]: Sucessfully received recipe: custommachinery:kjs_8tc3p472h61oci1ynr4g5q1nz from server.
[19:27:33.137][INFO]: Receiving recipe: custommachinery:kjs_4bs70ykb1hihtkrlxk80p1byd from server.
[19:27:33.137][INFO]: Sucessfully received recipe: custommachinery:kjs_4bs70ykb1hihtkrlxk80p1byd from server.
[19:27:33.140][INFO]: Receiving recipe: custommachinery:kjs_5mnwgtozzq1sx8f8r6lgq4nv5 from server.
[19:27:33.140][INFO]: Sucessfully received recipe: custommachinery:kjs_5mnwgtozzq1sx8f8r6lgq4nv5 from server.
[19:27:33.145][INFO]: Receiving recipe: custommachinery:kjs_9ofmsupv64tvmhl0x4wllgnqt from server.
[19:27:33.145][INFO]: Sucessfully received recipe: custommachinery:kjs_9ofmsupv64tvmhl0x4wllgnqt from server.
[19:27:33.153][INFO]: Receiving recipe: custommachinery:kjs_cjhotzqn8rzn2p6czd12jc0ou from server.
[19:27:33.153][INFO]: Sucessfully received recipe: custommachinery:kjs_cjhotzqn8rzn2p6czd12jc0ou from server.
[19:27:33.165][INFO]: Receiving recipe: custommachinery:kjs_8ooklezvnr7rnh20n6nrof3c7 from server.
[19:27:33.166][INFO]: Sucessfully received recipe: custommachinery:kjs_8ooklezvnr7rnh20n6nrof3c7 from server.
[19:27:33.168][INFO]: Receiving recipe: custommachinery:kjs_ddft3mo1yve6rk7hhf1n89dal from server.
[19:27:33.169][INFO]: Sucessfully received recipe: custommachinery:kjs_ddft3mo1yve6rk7hhf1n89dal from server.
[19:27:33.170][INFO]: Receiving recipe: custommachinery:kjs_c8nytvirqdytsquh6wvt2b26c from server.
[19:27:33.170][INFO]: Sucessfully received recipe: custommachinery:kjs_c8nytvirqdytsquh6wvt2b26c from server.
[19:27:33.172][INFO]: Receiving recipe: custommachinery:kjs_1xqraahf4wircgqucyedrvrou from server.
[19:27:33.173][INFO]: Sucessfully received recipe: custommachinery:kjs_1xqraahf4wircgqucyedrvrou from server.
[19:27:33.174][INFO]: Receiving recipe: custommachinery:kjs_1t95je93vlr9ocpd9zmb62zcz from server.
[19:27:33.174][INFO]: Sucessfully received recipe: custommachinery:kjs_1t95je93vlr9ocpd9zmb62zcz from server.
[19:27:33.176][INFO]: Receiving recipe: custommachinery:kjs_f2c7e8o6v6cpkzf0qlul2vdoq from server.
[19:27:33.176][INFO]: Sucessfully received recipe: custommachinery:kjs_f2c7e8o6v6cpkzf0qlul2vdoq from server.
[19:27:33.177][INFO]: Receiving recipe: custommachinery:kjs_4r53ryx2zb32thhp9x39qd7tp from server.
[19:27:33.177][INFO]: Sucessfully received recipe: custommachinery:kjs_4r53ryx2zb32thhp9x39qd7tp from server.
[19:27:33.177][INFO]: Receiving recipe: custommachinery:kjs_6k7emvbj53ndbp7q3fpyfouc0 from server.
[19:27:33.178][INFO]: Sucessfully received recipe: custommachinery:kjs_6k7emvbj53ndbp7q3fpyfouc0 from server.
[19:27:33.179][INFO]: Receiving recipe: custommachinery:kjs_9catfe9cprwib29v7rxkymj0p from server.
[19:27:33.179][INFO]: Sucessfully received recipe: custommachinery:kjs_9catfe9cprwib29v7rxkymj0p from server.
[19:27:33.183][INFO]: Receiving recipe: custommachinery:kjs_d0droiepdi7rdf0ycf7jsv53g from server.
[19:27:33.184][INFO]: Sucessfully received recipe: custommachinery:kjs_d0droiepdi7rdf0ycf7jsv53g from server.
